{
  "Cucumber Features": {
    "coverage": {
      "/Users/jmr/RubymineProjects/untitled7/hw-acceptance-unit-test-cycle/rottenpotatoes/app/models/movie.rb": [
        1,
        1,
        13,
        null,
        null
      ],
      "/Users/jmr/RubymineProjects/untitled7/hw-acceptance-unit-test-cycle/rottenpotatoes/app/controllers/movies_controller.rb": [
        1,
        null,
        1,
        2,
        null,
        null,
        1,
        4,
        4,
        null,
        null,
        null,
        1,
        13,
        13,
        null,
        2,
        null,
        2,
        null,
        13,
        13,
        null,
        13,
        42,
        null,
        null,
        13,
        3,
        3,
        3,
        null,
        10,
        null,
        null,
        1,
        null,
        null,
        null,
        1,
        1,
        1,
        1,
        null,
        null,
        1,
        1,
        null,
        null,
        1,
        1,
        1,
        1,
        1,
        null,
        null,
        1,
        1,
        1,
        1,
        1,
        null,
        null,
        1,
        2,
        2,
        2,
        1,
        1,
        1,
        null,
        null,
        null,
        null,
        null
      ],
      "/Users/jmr/RubymineProjects/untitled7/hw-acceptance-unit-test-cycle/rottenpotatoes/app/controllers/application_controller.rb": [
        1,
        1,
        null
      ],
      "/Users/jmr/RubymineProjects/untitled7/hw-acceptance-unit-test-cycle/rottenpotatoes/app/helpers/application_helper.rb": [
        1,
        null
      ],
      "/Users/jmr/RubymineProjects/untitled7/hw-acceptance-unit-test-cycle/rottenpotatoes/app/helpers/movies_helper.rb": [
        1,
        null,
        1,
        0,
        null,
        null
      ]
    },
    "timestamp": 1490130776
  },
  "RSpec": {
    "coverage": {
      "/Users/jmr/RubymineProjects/untitled7/hw-acceptance-unit-test-cycle/rottenpotatoes/app/helpers/application_helper.rb": [
        1,
        null
      ],
      "/Users/jmr/RubymineProjects/untitled7/hw-acceptance-unit-test-cycle/rottenpotatoes/app/helpers/movies_helper.rb": [
        1,
        null,
        1,
        0,
        null,
        null
      ],
      "/Users/jmr/RubymineProjects/untitled7/hw-acceptance-unit-test-cycle/rottenpotatoes/app/controllers/application_controller.rb": [
        0,
        0,
        0
      ],
      "/Users/jmr/RubymineProjects/untitled7/hw-acceptance-unit-test-cycle/rottenpotatoes/app/controllers/movies_controller.rb": [
        0,
        0,
        0,
        0,
        0,
        0,
        0,
        0,
        0,
        0,
        0,
        0,
        0,
        0,
        0,
        0,
        0,
        0,
        0,
        0,
        0,
        0,
        0,
        0,
        0,
        0,
        0,
        0,
        0,
        0,
        0,
        0,
        0,
        0,
        0,
        0,
        0,
        0,
        0,
        0,
        0,
        0,
        0,
        0,
        0,
        0,
        0,
        0,
        0,
        0,
        0,
        0,
        0,
        0,
        0,
        0,
        0,
        0,
        0,
        0,
        0,
        0,
        0,
        0,
        0,
        0,
        0,
        0,
        0,
        0,
        0,
        0,
        0,
        0,
        0
      ],
      "/Users/jmr/RubymineProjects/untitled7/hw-acceptance-unit-test-cycle/rottenpotatoes/app/models/movie.rb": [
        0,
        0,
        0,
        0,
        0
      ]
    },
    "timestamp": 1490129095
  }
}
